
ROM used:   85/1024 (8%)
            85/1024 (8%) including unused fragments

            0.2 Average locations per line
            5.3 Average locations per statement

RAM used:   6/224 (3%) at main() level
            7/224 (3%) worst case

Stack used: 0 worst case (0 in main + 0 for interrupts)
Stack size: 8

Lines Stmts  %   Files
----- ----- ---  -----
   31    16 100  main.c
    4     0   0  main.h
  521     0   0  C:\Program Files (x86)\PICC\Devices\16F627A.h
----- -----
  556    16 Total

Page ROM  %  RAM    Vol Diff  Functions:
---- --- --- ---    --- ----  ----------
0     20  24    1    108  2.1  @delay_ms2
0     61  72    1    318  1.9  main
 Inline         0             @cinit1

Program metrics:
    Functions               2
    Statements              16
    Comments                105
    Volume (V)              506
    Difficulty (D)          4.0
    Effort to implement (E) 2026
    Time to implement (T)   2 minutes
    Est Delivered Bugs (B)  0
    Cyclomatic Complexity   1
    Maintainability (MI)    60

 Segment     Used  Free
-----------  ----  ----
00000-00003     4  0  
00004-003FF    81  939  



