CCS PCM C Compiler, Version 5.049, 5967               04-ene.-22 21:32

               Filename:   D:\Electronica\Pic\Project with CCS C Compiler\Cargador de Bateria 1\Cargador de bateria.lst

               ROM used:   46 words (4%)
                           Largest free fragment is 978
               RAM used:   5 (2%) at main() level
                           5 (2%) worst case
               Stack used: 0 locations
               Stack size: 8

*
0000:  MOVLW  00
0001:  MOVWF  0A
0002:  GOTO   004
0003:  NOP
.................... #include <Cargador de bateria.h> 
.................... #include <16F627A.h> 
.................... //////////// Standard Header file for the PIC16F627A device //////////////// 
.................... /////////////////////////////////////////////////////////////////////////// 
.................... ////        (C) Copyright 1996, 2014 Custom Computer Services          //// 
.................... //// This source code may only be used by licensed users of the CCS C  //// 
.................... //// compiler.  This source code may only be distributed to other      //// 
.................... //// licensed users of the CCS C compiler.  No other use, reproduction //// 
.................... //// or distribution is permitted without written permission.          //// 
.................... //// Derivative programs created using this software in object code    //// 
.................... //// form are not restricted in any way.                               //// 
.................... /////////////////////////////////////////////////////////////////////////// 
.................... #device PIC16F627A 
....................  
.................... #list 
....................  
.................... #use delay(crystal=20000000) 
....................  
....................  
.................... #fuses HS, NOWDT, NOPUT, NOLVP, NOPROTECT, BROWNOUT 
....................  
.................... //#use fast_io(A) 
.................... #use standard_io(B) 
....................  
.................... void main() 
0004:  MOVF   03,W
0005:  ANDLW  1F
0006:  MOVWF  03
0007:  MOVLW  07
0008:  MOVWF  1F
0009:  BCF    03.7
.................... { 
....................  
.................... 	output_b(0x00); 
000A:  BSF    03.5
000B:  CLRF   06
000C:  BCF    03.5
000D:  CLRF   06
....................  
.................... 	setup_vref(VREF_HIGH | 1 | VREF_A2); //voltaje de referencia de 1.4V 
000E:  MOVLW  C1
000F:  BSF    03.5
0010:  MOVWF  1F
0011:  BSF    05.2
.................... 	setup_comparator(A0_VR_A1_VR); 
0012:  MOVLW  02
0013:  BCF    03.5
0014:  MOVWF  1F
0015:  BSF    03.5
0016:  MOVF   05,W
0017:  IORLW  03
0018:  MOVWF  05
0019:  MOVLW  10
001A:  MOVWF  77
001B:  DECFSZ 77,F
001C:  GOTO   01B
001D:  NOP
001E:  BCF    03.5
001F:  MOVF   1F,W
0020:  BCF    0C.6
....................  
.................... 	while (TRUE) 
.................... 	{ 
....................  
.................... 		//delay_ms(1000); 
.................... 		if (C1OUT) 
0021:  BTFSS  1F.6
0022:  GOTO   028
.................... 		{ 
.................... 			output_low(PIN_B4); 
0023:  BSF    03.5
0024:  BCF    06.4
0025:  BCF    03.5
0026:  BCF    06.4
.................... 		} 
0027:  GOTO   02C
.................... 		else 
.................... 		{ 
.................... 			output_high(PIN_B4); 
0028:  BSF    03.5
0029:  BCF    06.4
002A:  BCF    03.5
002B:  BSF    06.4
.................... 		} 
002C:  GOTO   021
.................... 	} 
.................... } 
002D:  SLEEP

Configuration Fuses:
   Word  1: 216A   NOWDT NOPUT HS MCLR BROWNOUT NOLVP NOCPD NOPROTECT
