
ROM used:   81/1024 (8%)
            81/1024 (8%) including unused fragments

            0.1 Average locations per line
            7.4 Average locations per statement

RAM used:   15/224 (7%) at main() level
            16/224 (7%) worst case

Stack used: 0 worst case (0 in main + 0 for interrupts)
Stack size: 8

Lines Stmts  %   Files
----- ----- ---  -----
   29    11 100  multiplexacion.c
    4     0   0  multiplexacion.h
  521     0   0  C:\Program Files (x86)\PICC\Devices\16F627A.h
----- -----
  554    11 Total

Page ROM  %  RAM    Vol Diff  Functions:
---- --- --- ---    --- ----  ----------
0     20  25    1             @delay_ms1
0     57  70    0    221  2.3  main
 Inline         0             @cinit1

Program metrics:
    Functions               1
    Statements              11
    Comments                111
    Volume (V)              226
    Difficulty (D)          2.1
    Effort to implement (E) 474
    Time to implement (T)   0 minutes
    Est Delivered Bugs (B)  0
    Cyclomatic Complexity   1
    Maintainability (MI)    75

 Segment     Used  Free
-----------  ----  ----
00000-00003     4  0  
00004-003FF    77  943  



