
ROM used:   577/8192 (7%)
            577/8192 (7%) including unused fragments

            0.6 Average locations per line
            6.9 Average locations per statement

RAM used:   9/368 (2%) at main() level
            27/368 (7%) worst case

Stack used: 4 worst case (4 in main + 0 for interrupts)
Stack size: 8

Lines Stmts  %   Files
----- ----- ---  -----
   40    12  14  analog_to_dig.c
  674     0   0  C:\Program Files (x86)\PICC\Devices\16f877a.h
  263    72  86  C:\Program Files (x86)\PICC\Drivers\LCD_16X2.c
----- -----
  977    84 Total

Page ROM  %  RAM    Vol Diff  Functions:
---- --- --- ---    --- ----  ----------
0     20   3    1             @delay_ms1
0      8   1    0    253  2.6  @const597
0     44   8    1    326  2.8  lcd_send_nibble
0     39   7    3    235  3.8  lcd_send_byte
0     47   8    2    380  4.7  lcd_init
0     18   3    4    186  5.5  lcd_gotoxy
0     36   6    1    272  4.1  lcd_putc
0     92  16    0     17  0.8  lcd_clear
0      1   0    0             @const616
 Inline         4    253  2.6  @PSTRINGC7_610
0     73  13    0    253  2.6  MAIN
0      5   1    0             @const638
0     89  15    5             @PSTRINGCN7_610
0    101  18    9             @PRINTF_LU_610
 Inline         0             @cinit1

Program metrics:
    Functions               9
    Statements              84
    Comments                153
    Volume (V)              3511
    Difficulty (D)          28.8
    Effort to implement (E) 101128
    Time to implement (T)   1 hours, 34 minutes
    Est Delivered Bugs (B)  1
    Cyclomatic Complexity   8
    Maintainability (MI)    109

 Segment     Used  Free
-----------  ----  ----
00000-00003     4  0  
00004-007FF   573  1471  
00800-00FFF     0  2048  
01000-017FF     0  2048  
01800-01FFF     0  2048  



