
ROM used:   77/1024 (8%)
            77/1024 (8%) including unused fragments

            0.1 Average locations per line
            11.0 Average locations per statement

RAM used:   17/224 (8%) at main() level
            18/224 (8%) worst case

Stack used: 0 worst case (0 in main + 0 for interrupts)
Stack size: 8

Lines Stmts  %   Files
----- ----- ---  -----
   26     7 100  display7segmentos.c
    4     0   0  display7segmentos.h
  521     0   0  C:\Program Files (x86)\PICC\Devices\16F627A.h
----- -----
  551     7 Total

Page ROM  %  RAM    Vol Diff  Functions:
---- --- --- ---    --- ----  ----------
0     20  26    1             @delay_ms2
0     53  69    1    151  3.9  main
 Inline         0             @cinit1

Program metrics:
    Functions               1
    Statements              7
    Comments                103
    Volume (V)              155
    Difficulty (D)          3.4
    Effort to implement (E) 534
    Time to implement (T)   0 minutes
    Est Delivered Bugs (B)  0
    Cyclomatic Complexity   1
    Maintainability (MI)    112

 Segment     Used  Free
-----------  ----  ----
00000-00003     4  0  
00004-003FF    73  947  



