
ROM used:   20/1024 (2%)
            20/1024 (2%) including unused fragments

            0.0 Average locations per line
            5.0 Average locations per statement

RAM used:   5/224 (2%) at main() level
            5/224 (2%) worst case

Stack used: 0 worst case (0 in main + 0 for interrupts)
Stack size: 8

Lines Stmts  %   Files
----- ----- ---  -----
   22     4 100  voltaje_referencia.c
    4     0   0  voltaje_referencia.h
  521     0   0  C:\Program Files (x86)\PICC\Devices\16F627A.h
----- -----
  547     4 Total

Page ROM  %  RAM    Vol Diff  Functions:
---- --- --- ---    --- ----  ----------
0     16  80    0     69  1.9  main
 Inline         0             @cinit1

Program metrics:
    Functions               1
    Statements              4
    Comments                104
    Volume (V)              70
    Difficulty (D)          1.8
    Effort to implement (E) 123
    Time to implement (T)   0 minutes
    Est Delivered Bugs (B)  0
    Cyclomatic Complexity   1
    Maintainability (MI)    122

 Segment     Used  Free
-----------  ----  ----
00000-00003     4  0  
00004-003FF    16  1004  



