CCS PCM C Compiler, Version 5.049, 5967               01-ene.-22 21:43

               Filename:   D:\Electronica\Pic\Project with CCS C Compiler\Comparador\comparador.lst

               ROM used:   39 words (4%)
                           Largest free fragment is 985
               RAM used:   5 (2%) at main() level
                           5 (2%) worst case
               Stack used: 0 locations
               Stack size: 8

*
0000:  MOVLW  00
0001:  MOVWF  0A
0002:  GOTO   004
0003:  NOP
.................... #include <comparador.h> 
.................... #include <16F627A.h> 
.................... //////////// Standard Header file for the PIC16F627A device //////////////// 
.................... /////////////////////////////////////////////////////////////////////////// 
.................... ////        (C) Copyright 1996, 2014 Custom Computer Services          //// 
.................... //// This source code may only be used by licensed users of the CCS C  //// 
.................... //// compiler.  This source code may only be distributed to other      //// 
.................... //// licensed users of the CCS C compiler.  No other use, reproduction //// 
.................... //// or distribution is permitted without written permission.          //// 
.................... //// Derivative programs created using this software in object code    //// 
.................... //// form are not restricted in any way.                               //// 
.................... /////////////////////////////////////////////////////////////////////////// 
.................... #device PIC16F627A 
....................  
.................... #list 
....................  
.................... #use delay(crystal=20000000) 
....................  
....................  
.................... #fuses HS, NOWDT, NOPUT, NOLVP, NOPROTECT, BROWNOUT 
....................  
.................... #use fast_io(A) 
.................... #use fast_io(B) 
....................  
.................... void main() 
0004:  MOVF   03,W
0005:  ANDLW  1F
0006:  MOVWF  03
0007:  MOVLW  07
0008:  MOVWF  1F
0009:  BCF    03.7
.................... { 
....................  
....................    set_tris_a(0xff); 
000A:  MOVLW  FF
000B:  BSF    03.5
000C:  MOVWF  05
....................    set_tris_b(0X00); 
000D:  MOVLW  00
000E:  MOVWF  06
....................  
....................    setup_comparator(A0_A3_A1_A2); 
000F:  MOVLW  04
0010:  BCF    03.5
0011:  MOVWF  1F
0012:  BSF    03.5
0013:  MOVF   05,W
0014:  IORLW  0F
0015:  MOVWF  05
0016:  MOVLW  10
0017:  MOVWF  77
0018:  DECFSZ 77,F
0019:  GOTO   018
001A:  NOP
001B:  BCF    03.5
001C:  MOVF   1F,W
001D:  BCF    0C.6
....................  
....................    while(TRUE) 
....................    { 
....................  
....................       if(C1OUT){ 
001E:  BTFSS  1F.6
001F:  GOTO   023
....................           output_high(PIN_B4);  //Rojo encendido 
0020:  BSF    06.4
....................           output_low(PIN_B5);   //Verde apagado 
0021:  BCF    06.5
....................       } 
0022:  GOTO   025
....................       else{ 
....................          output_low(PIN_B4);    //Rojo apagado 
0023:  BCF    06.4
....................          output_high(PIN_B5);   //Verde encendido 
0024:  BSF    06.5
....................       } 
0025:  GOTO   01E
....................        
....................    } 
....................  
.................... } 
0026:  SLEEP

Configuration Fuses:
   Word  1: 216A   NOWDT NOPUT HS MCLR BROWNOUT NOLVP NOCPD NOPROTECT
