
ROM used:   115/1024 (11%)
            115/1024 (11%) including unused fragments

            0.2 Average locations per line
            6.8 Average locations per statement

RAM used:   21/224 (9%) at main() level
            21/224 (9%) worst case

Stack used: 0 worst case (0 in main + 0 for interrupts)
Stack size: 8

Lines Stmts  %   Files
----- ----- ---  -----
   44    17 100  contador 0-99.c
    4     0   0  contador 0-99.h
  521     0   0  C:\Program Files (x86)\PICC\Devices\16F627A.h
----- -----
  569    17 Total

Page ROM  %  RAM    Vol Diff  Functions:
---- --- --- ---    --- ----  ----------
0     20  17    1             @delay_ms1
0     91  79    4    491  4.5  main
 Inline         0             @cinit1

Program metrics:
    Functions               1
    Statements              17
    Comments                106
    Volume (V)              497
    Difficulty (D)          4.3
    Effort to implement (E) 2126
    Time to implement (T)   2 minutes
    Est Delivered Bugs (B)  0
    Cyclomatic Complexity   3
    Maintainability (MI)    80

 Segment     Used  Free
-----------  ----  ----
00000-00003     4  0  
00004-003FF   111  909  



