
ROM used:   319/1024 (31%)
            319/1024 (31%) including unused fragments

            0.4 Average locations per line
            3.8 Average locations per statement

RAM used:   8/224 (4%) at main() level
            17/224 (8%) worst case

Stack used: 4 worst case (4 in main + 0 for interrupts)
Stack size: 8

Lines Stmts  %   Files
----- ----- ---  -----
   37    11  13  lcd16x2.c
    4     0   0  lcd16x2.h
  521     0   0  C:\Program Files (x86)\PICC\Devices\16F627A.h
  263    72  87  C:\Program Files (x86)\PICC\Drivers\LCD_16X2.c
----- -----
  825    83 Total

Page ROM  %  RAM    Vol Diff  Functions:
---- --- --- ---    --- ----  ----------
0     20   6    1             @delay_ms1
0      8   3    0             @const528
0     44  14    1    326  2.8  lcd_send_nibble
0     39  12    3    235  3.8  lcd_send_byte
0     45  14    2    380  4.7  lcd_init
0     18   6    4    186  5.5  lcd_gotoxy
0     36  11    1    272  4.1  lcd_putc
0     11   3    1     17  0.8  lcd_clear
0      6   2    0             @const547
0     58  18    1    209  2.2  MAIN
0     15   5    0             @const567
0     15   5    0             @const568
 Inline         0             @cinit1

Program metrics:
    Functions               7
    Statements              83
    Comments                131
    Volume (V)              2499
    Difficulty (D)          23.0
    Effort to implement (E) 57581
    Time to implement (T)   53 minutes
    Est Delivered Bugs (B)  0
    Cyclomatic Complexity   8
    Maintainability (MI)    120

 Segment     Used  Free
-----------  ----  ----
00000-00003     4  0  
00004-003FF   315  705  



