
ROM used:   177/8192 (2%)
            177/8192 (2%) including unused fragments

            0.2 Average locations per line
            9.8 Average locations per statement

RAM used:   27/368 (7%) at main() level
            30/368 (8%) worst case

Stack used: 0 worst case (0 in main + 0 for interrupts)
Stack size: 8

Lines Stmts  %   Files
----- ----- ---  -----
   42    18 100  interrupciones.c
    5     0   0  interrupciones.h
  674     0   0  C:\Program Files (x86)\PICC\Devices\16F877A.h
----- -----
  721    18 Total

Page ROM  %  RAM    Vol Diff  Functions:
---- --- --- ---    --- ----  ----------
0     20  11    1             @delay_ms1
0     29  16    1    145  3.1  interruccion_RB0
0     81  46    2    277  4.2  MAIN
 Inline         0             @cinit1

Program metrics:
    Functions               2
    Statements              18
    Comments                122
    Volume (V)              508
    Difficulty (D)          6.9
    Effort to implement (E) 3510
    Time to implement (T)   3 minutes
    Est Delivered Bugs (B)  0
    Cyclomatic Complexity   2
    Maintainability (MI)    84

 Segment     Used  Free
-----------  ----  ----
00000-00003     4  0  
00004-0002E    43  0  
0002F-007FF   130  1871  
00800-00FFF     0  2048  
01000-017FF     0  2048  
01800-01FFF     0  2048  



